{"/home/gerardo/PC ACCESO/Edgar/AWS/Indra/aws-serverless-reto-indra/config/responses/apiResponses.js": {"path":"/home/gerardo/PC ACCESO/Edgar/AWS/Indra/aws-serverless-reto-indra/config/responses/apiResponses.js","statementMap":{"0":{"start":{"line":1,"column":18},"end":{"line":28,"column":1}},"1":{"start":{"line":3,"column":4},"end":{"line":6,"column":6}},"2":{"start":{"line":10,"column":4},"end":{"line":10,"column":43}},"3":{"start":{"line":14,"column":4},"end":{"line":14,"column":43}},"4":{"start":{"line":18,"column":4},"end":{"line":18,"column":43}},"5":{"start":{"line":22,"column":4},"end":{"line":22,"column":43}},"6":{"start":{"line":26,"column":4},"end":{"line":26,"column":43}},"7":{"start":{"line":30,"column":0},"end":{"line":30,"column":27}}},"fnMap":{"0":{"name":"(anonymous_0)","decl":{"start":{"line":2,"column":2},"end":{"line":2,"column":3}},"loc":{"start":{"line":2,"column":47},"end":{"line":7,"column":3}},"line":2},"1":{"name":"(anonymous_1)","decl":{"start":{"line":9,"column":2},"end":{"line":9,"column":3}},"loc":{"start":{"line":9,"column":18},"end":{"line":11,"column":3}},"line":9},"2":{"name":"(anonymous_2)","decl":{"start":{"line":13,"column":2},"end":{"line":13,"column":3}},"loc":{"start":{"line":13,"column":18},"end":{"line":15,"column":3}},"line":13},"3":{"name":"(anonymous_3)","decl":{"start":{"line":17,"column":2},"end":{"line":17,"column":3}},"loc":{"start":{"line":17,"column":18},"end":{"line":19,"column":3}},"line":17},"4":{"name":"(anonymous_4)","decl":{"start":{"line":21,"column":2},"end":{"line":21,"column":3}},"loc":{"start":{"line":21,"column":18},"end":{"line":23,"column":3}},"line":21},"5":{"name":"(anonymous_5)","decl":{"start":{"line":25,"column":2},"end":{"line":25,"column":3}},"loc":{"start":{"line":25,"column":18},"end":{"line":27,"column":3}},"line":25}},"branchMap":{"0":{"loc":{"start":{"line":2,"column":18},"end":{"line":2,"column":34}},"type":"default-arg","locations":[{"start":{"line":2,"column":31},"end":{"line":2,"column":34}}],"line":2},"1":{"loc":{"start":{"line":2,"column":36},"end":{"line":2,"column":45}},"type":"default-arg","locations":[{"start":{"line":2,"column":43},"end":{"line":2,"column":45}}],"line":2},"2":{"loc":{"start":{"line":9,"column":7},"end":{"line":9,"column":16}},"type":"default-arg","locations":[{"start":{"line":9,"column":14},"end":{"line":9,"column":16}}],"line":9},"3":{"loc":{"start":{"line":13,"column":7},"end":{"line":13,"column":16}},"type":"default-arg","locations":[{"start":{"line":13,"column":14},"end":{"line":13,"column":16}}],"line":13},"4":{"loc":{"start":{"line":17,"column":7},"end":{"line":17,"column":16}},"type":"default-arg","locations":[{"start":{"line":17,"column":14},"end":{"line":17,"column":16}}],"line":17},"5":{"loc":{"start":{"line":21,"column":7},"end":{"line":21,"column":16}},"type":"default-arg","locations":[{"start":{"line":21,"column":14},"end":{"line":21,"column":16}}],"line":21},"6":{"loc":{"start":{"line":25,"column":7},"end":{"line":25,"column":16}},"type":"default-arg","locations":[{"start":{"line":25,"column":14},"end":{"line":25,"column":16}}],"line":25}},"s":{"0":2,"1":12,"2":2,"3":2,"4":0,"5":0,"6":8,"7":2},"f":{"0":12,"1":2,"2":2,"3":0,"4":0,"5":8},"b":{"0":[0],"1":[0],"2":[0],"3":[0],"4":[0],"5":[0],"6":[0]},"_coverageSchema":"1a1c01bbd47fc00a2c39e90264f33305004495a9","hash":"c96529e941f69569b39bb23c5e6359c4fd487505"}
,"/home/gerardo/PC ACCESO/Edgar/AWS/Indra/aws-serverless-reto-indra/src/handler.js": {"path":"/home/gerardo/PC ACCESO/Edgar/AWS/Indra/aws-serverless-reto-indra/src/handler.js","statementMap":{"0":{"start":{"line":2,"column":17},"end":{"line":2,"column":54}},"1":{"start":{"line":3,"column":12},"end":{"line":3,"column":26}},"2":{"start":{"line":4,"column":18},"end":{"line":4,"column":61}},"3":{"start":{"line":5,"column":15},"end":{"line":5,"column":52}},"4":{"start":{"line":8,"column":22},"end":{"line":8,"column":62}},"5":{"start":{"line":9,"column":21},"end":{"line":9,"column":59}},"6":{"start":{"line":13,"column":2},"end":{"line":13,"column":43}},"7":{"start":{"line":13,"column":33},"end":{"line":13,"column":43}},"8":{"start":{"line":14,"column":2},"end":{"line":14,"column":11}},"9":{"start":{"line":24,"column":0},"end":{"line":51,"column":2}},"10":{"start":{"line":25,"column":2},"end":{"line":50,"column":3}},"11":{"start":{"line":26,"column":27},"end":{"line":26,"column":54}},"12":{"start":{"line":27,"column":16},"end":{"line":27,"column":72}},"13":{"start":{"line":28,"column":4},"end":{"line":28,"column":47}},"14":{"start":{"line":29,"column":4},"end":{"line":46,"column":5}},"15":{"start":{"line":30,"column":23},"end":{"line":30,"column":66}},"16":{"start":{"line":31,"column":6},"end":{"line":31,"column":70}},"17":{"start":{"line":32,"column":35},"end":{"line":32,"column":43}},"18":{"start":{"line":33,"column":6},"end":{"line":43,"column":7}},"19":{"start":{"line":34,"column":8},"end":{"line":34,"column":72}},"20":{"start":{"line":36,"column":26},"end":{"line":40,"column":9}},"21":{"start":{"line":41,"column":8},"end":{"line":41,"column":56}},"22":{"start":{"line":42,"column":8},"end":{"line":42,"column":57}},"23":{"start":{"line":45,"column":6},"end":{"line":45,"column":54}},"24":{"start":{"line":48,"column":4},"end":{"line":48,"column":43}},"25":{"start":{"line":49,"column":4},"end":{"line":49,"column":70}},"26":{"start":{"line":54,"column":0},"end":{"line":61,"column":2}},"27":{"start":{"line":55,"column":2},"end":{"line":60,"column":3}},"28":{"start":{"line":56,"column":16},"end":{"line":56,"column":50}},"29":{"start":{"line":57,"column":4},"end":{"line":57,"column":68}},"30":{"start":{"line":59,"column":4},"end":{"line":59,"column":70}},"31":{"start":{"line":64,"column":0},"end":{"line":72,"column":2}},"32":{"start":{"line":65,"column":2},"end":{"line":71,"column":3}},"33":{"start":{"line":66,"column":28},"end":{"line":66,"column":55}},"34":{"start":{"line":67,"column":16},"end":{"line":67,"column":73}},"35":{"start":{"line":68,"column":4},"end":{"line":68,"column":68}},"36":{"start":{"line":70,"column":4},"end":{"line":70,"column":49}},"37":{"start":{"line":75,"column":0},"end":{"line":89,"column":2}},"38":{"start":{"line":76,"column":2},"end":{"line":88,"column":3}},"39":{"start":{"line":77,"column":23},"end":{"line":77,"column":46}},"40":{"start":{"line":78,"column":21},"end":{"line":78,"column":43}},"41":{"start":{"line":79,"column":22},"end":{"line":79,"column":40}},"42":{"start":{"line":80,"column":23},"end":{"line":80,"column":42}},"43":{"start":{"line":82,"column":4},"end":{"line":82,"column":50}},"44":{"start":{"line":84,"column":4},"end":{"line":84,"column":78}},"45":{"start":{"line":85,"column":4},"end":{"line":85,"column":73}},"46":{"start":{"line":87,"column":4},"end":{"line":87,"column":49}},"47":{"start":{"line":92,"column":0},"end":{"line":100,"column":2}},"48":{"start":{"line":93,"column":2},"end":{"line":99,"column":3}},"49":{"start":{"line":94,"column":23},"end":{"line":94,"column":46}},"50":{"start":{"line":95,"column":4},"end":{"line":95,"column":55}},"51":{"start":{"line":96,"column":4},"end":{"line":96,"column":73}},"52":{"start":{"line":98,"column":4},"end":{"line":98,"column":49}},"53":{"start":{"line":109,"column":0},"end":{"line":136,"column":2}},"54":{"start":{"line":110,"column":2},"end":{"line":135,"column":3}},"55":{"start":{"line":111,"column":26},"end":{"line":111,"column":53}},"56":{"start":{"line":112,"column":16},"end":{"line":112,"column":70}},"57":{"start":{"line":113,"column":4},"end":{"line":113,"column":47}},"58":{"start":{"line":114,"column":4},"end":{"line":131,"column":5}},"59":{"start":{"line":115,"column":26},"end":{"line":115,"column":66}},"60":{"start":{"line":116,"column":6},"end":{"line":116,"column":74}},"61":{"start":{"line":117,"column":35},"end":{"line":117,"column":46}},"62":{"start":{"line":118,"column":6},"end":{"line":128,"column":7}},"63":{"start":{"line":119,"column":8},"end":{"line":119,"column":72}},"64":{"start":{"line":121,"column":26},"end":{"line":125,"column":9}},"65":{"start":{"line":126,"column":8},"end":{"line":126,"column":55}},"66":{"start":{"line":127,"column":8},"end":{"line":127,"column":57}},"67":{"start":{"line":130,"column":6},"end":{"line":130,"column":54}},"68":{"start":{"line":133,"column":4},"end":{"line":133,"column":43}},"69":{"start":{"line":134,"column":4},"end":{"line":134,"column":70}},"70":{"start":{"line":139,"column":0},"end":{"line":146,"column":2}},"71":{"start":{"line":140,"column":2},"end":{"line":145,"column":3}},"72":{"start":{"line":141,"column":16},"end":{"line":141,"column":49}},"73":{"start":{"line":142,"column":4},"end":{"line":142,"column":68}},"74":{"start":{"line":144,"column":4},"end":{"line":144,"column":70}},"75":{"start":{"line":149,"column":0},"end":{"line":157,"column":2}},"76":{"start":{"line":150,"column":2},"end":{"line":156,"column":3}},"77":{"start":{"line":151,"column":26},"end":{"line":151,"column":53}},"78":{"start":{"line":152,"column":16},"end":{"line":152,"column":70}},"79":{"start":{"line":153,"column":4},"end":{"line":153,"column":68}},"80":{"start":{"line":155,"column":4},"end":{"line":155,"column":49}},"81":{"start":{"line":160,"column":0},"end":{"line":172,"column":2}},"82":{"start":{"line":161,"column":2},"end":{"line":171,"column":3}},"83":{"start":{"line":162,"column":22},"end":{"line":162,"column":45}},"84":{"start":{"line":163,"column":21},"end":{"line":163,"column":43}},"85":{"start":{"line":164,"column":22},"end":{"line":164,"column":40}},"86":{"start":{"line":165,"column":23},"end":{"line":165,"column":42}},"87":{"start":{"line":167,"column":4},"end":{"line":167,"column":76}},"88":{"start":{"line":168,"column":4},"end":{"line":168,"column":73}},"89":{"start":{"line":170,"column":4},"end":{"line":170,"column":49}},"90":{"start":{"line":175,"column":0},"end":{"line":183,"column":2}},"91":{"start":{"line":176,"column":2},"end":{"line":182,"column":3}},"92":{"start":{"line":177,"column":22},"end":{"line":177,"column":45}},"93":{"start":{"line":178,"column":4},"end":{"line":178,"column":53}},"94":{"start":{"line":179,"column":4},"end":{"line":179,"column":73}},"95":{"start":{"line":181,"column":4},"end":{"line":181,"column":49}}},"fnMap":{"0":{"name":"sortBtId","decl":{"start":{"line":12,"column":9},"end":{"line":12,"column":17}},"loc":{"start":{"line":12,"column":24},"end":{"line":15,"column":1}},"line":12},"1":{"name":"(anonymous_1)","decl":{"start":{"line":24,"column":32},"end":{"line":24,"column":33}},"loc":{"start":{"line":24,"column":68},"end":{"line":51,"column":1}},"line":24},"2":{"name":"(anonymous_2)","decl":{"start":{"line":54,"column":32},"end":{"line":54,"column":33}},"loc":{"start":{"line":54,"column":68},"end":{"line":61,"column":1}},"line":54},"3":{"name":"(anonymous_3)","decl":{"start":{"line":64,"column":39},"end":{"line":64,"column":40}},"loc":{"start":{"line":64,"column":75},"end":{"line":72,"column":1}},"line":64},"4":{"name":"(anonymous_4)","decl":{"start":{"line":75,"column":29},"end":{"line":75,"column":30}},"loc":{"start":{"line":75,"column":65},"end":{"line":89,"column":1}},"line":75},"5":{"name":"(anonymous_5)","decl":{"start":{"line":92,"column":32},"end":{"line":92,"column":33}},"loc":{"start":{"line":92,"column":68},"end":{"line":100,"column":1}},"line":92},"6":{"name":"(anonymous_6)","decl":{"start":{"line":109,"column":31},"end":{"line":109,"column":32}},"loc":{"start":{"line":109,"column":67},"end":{"line":136,"column":1}},"line":109},"7":{"name":"(anonymous_7)","decl":{"start":{"line":139,"column":31},"end":{"line":139,"column":32}},"loc":{"start":{"line":139,"column":67},"end":{"line":146,"column":1}},"line":139},"8":{"name":"(anonymous_8)","decl":{"start":{"line":149,"column":38},"end":{"line":149,"column":39}},"loc":{"start":{"line":149,"column":74},"end":{"line":157,"column":1}},"line":149},"9":{"name":"(anonymous_9)","decl":{"start":{"line":160,"column":28},"end":{"line":160,"column":29}},"loc":{"start":{"line":160,"column":64},"end":{"line":172,"column":1}},"line":160},"10":{"name":"(anonymous_10)","decl":{"start":{"line":175,"column":31},"end":{"line":175,"column":32}},"loc":{"start":{"line":175,"column":67},"end":{"line":183,"column":1}},"line":175}},"branchMap":{"0":{"loc":{"start":{"line":8,"column":22},"end":{"line":8,"column":62}},"type":"binary-expr","locations":[{"start":{"line":8,"column":22},"end":{"line":8,"column":48}},{"start":{"line":8,"column":52},"end":{"line":8,"column":62}}],"line":8},"1":{"loc":{"start":{"line":9,"column":21},"end":{"line":9,"column":59}},"type":"binary-expr","locations":[{"start":{"line":9,"column":21},"end":{"line":9,"column":46}},{"start":{"line":9,"column":50},"end":{"line":9,"column":59}}],"line":9},"2":{"loc":{"start":{"line":13,"column":2},"end":{"line":13,"column":43}},"type":"if","locations":[{"start":{"line":13,"column":2},"end":{"line":13,"column":43}},{"start":{"line":13,"column":2},"end":{"line":13,"column":43}}],"line":13},"3":{"loc":{"start":{"line":29,"column":4},"end":{"line":46,"column":5}},"type":"if","locations":[{"start":{"line":29,"column":4},"end":{"line":46,"column":5}},{"start":{"line":29,"column":4},"end":{"line":46,"column":5}}],"line":29},"4":{"loc":{"start":{"line":29,"column":8},"end":{"line":29,"column":25}},"type":"binary-expr","locations":[{"start":{"line":29,"column":8},"end":{"line":29,"column":12}},{"start":{"line":29,"column":16},"end":{"line":29,"column":25}}],"line":29},"5":{"loc":{"start":{"line":33,"column":6},"end":{"line":43,"column":7}},"type":"if","locations":[{"start":{"line":33,"column":6},"end":{"line":43,"column":7}},{"start":{"line":33,"column":6},"end":{"line":43,"column":7}}],"line":33},"6":{"loc":{"start":{"line":114,"column":4},"end":{"line":131,"column":5}},"type":"if","locations":[{"start":{"line":114,"column":4},"end":{"line":131,"column":5}},{"start":{"line":114,"column":4},"end":{"line":131,"column":5}}],"line":114},"7":{"loc":{"start":{"line":114,"column":8},"end":{"line":114,"column":25}},"type":"binary-expr","locations":[{"start":{"line":114,"column":8},"end":{"line":114,"column":12}},{"start":{"line":114,"column":16},"end":{"line":114,"column":25}}],"line":114},"8":{"loc":{"start":{"line":118,"column":6},"end":{"line":128,"column":7}},"type":"if","locations":[{"start":{"line":118,"column":6},"end":{"line":128,"column":7}},{"start":{"line":118,"column":6},"end":{"line":128,"column":7}}],"line":118}},"s":{"0":2,"1":2,"2":2,"3":2,"4":2,"5":2,"6":0,"7":0,"8":0,"9":2,"10":1,"11":1,"12":1,"13":1,"14":1,"15":1,"16":1,"17":1,"18":1,"19":0,"20":1,"21":1,"22":1,"23":0,"24":0,"25":0,"26":2,"27":1,"28":1,"29":0,"30":1,"31":2,"32":1,"33":1,"34":0,"35":0,"36":1,"37":2,"38":1,"39":1,"40":1,"41":0,"42":0,"43":0,"44":0,"45":0,"46":1,"47":2,"48":1,"49":1,"50":1,"51":0,"52":1,"53":2,"54":1,"55":1,"56":1,"57":1,"58":1,"59":1,"60":1,"61":1,"62":1,"63":0,"64":1,"65":1,"66":1,"67":0,"68":0,"69":0,"70":2,"71":1,"72":1,"73":0,"74":1,"75":2,"76":1,"77":1,"78":0,"79":0,"80":1,"81":2,"82":1,"83":1,"84":1,"85":0,"86":0,"87":0,"88":0,"89":1,"90":2,"91":1,"92":1,"93":1,"94":0,"95":1},"f":{"0":0,"1":1,"2":1,"3":1,"4":1,"5":1,"6":1,"7":1,"8":1,"9":1,"10":1},"b":{"0":[2,2],"1":[2,2],"2":[0,0],"3":[1,0],"4":[1,1],"5":[0,1],"6":[1,0],"7":[1,1],"8":[0,1]},"_coverageSchema":"1a1c01bbd47fc00a2c39e90264f33305004495a9","hash":"b7b3df64f11641db82ae99a95442b75a396f559f"}
,"/home/gerardo/PC ACCESO/Edgar/AWS/Indra/aws-serverless-reto-indra/src/externals/consumer/index.js": {"path":"/home/gerardo/PC ACCESO/Edgar/AWS/Indra/aws-serverless-reto-indra/src/externals/consumer/index.js","statementMap":{"0":{"start":{"line":1,"column":14},"end":{"line":1,"column":30}},"1":{"start":{"line":2,"column":23},"end":{"line":2,"column":58}},"2":{"start":{"line":3,"column":22},"end":{"line":3,"column":56}},"3":{"start":{"line":4,"column":23},"end":{"line":4,"column":61}},"4":{"start":{"line":5,"column":18},"end":{"line":5,"column":67}},"5":{"start":{"line":7,"column":21},"end":{"line":27,"column":1}},"6":{"start":{"line":8,"column":2},"end":{"line":26,"column":3}},"7":{"start":{"line":9,"column":17},"end":{"line":13,"column":5}},"8":{"start":{"line":14,"column":33},"end":{"line":14,"column":37}},"9":{"start":{"line":16,"column":4},"end":{"line":22,"column":5}},"10":{"start":{"line":17,"column":6},"end":{"line":17,"column":18}},"11":{"start":{"line":19,"column":6},"end":{"line":19,"column":60}},"12":{"start":{"line":20,"column":25},"end":{"line":20,"column":61}},"13":{"start":{"line":21,"column":6},"end":{"line":21,"column":47}},"14":{"start":{"line":24,"column":4},"end":{"line":24,"column":46}},"15":{"start":{"line":25,"column":4},"end":{"line":25,"column":79}},"16":{"start":{"line":29,"column":19},"end":{"line":49,"column":1}},"17":{"start":{"line":30,"column":2},"end":{"line":48,"column":3}},"18":{"start":{"line":31,"column":17},"end":{"line":35,"column":5}},"19":{"start":{"line":36,"column":33},"end":{"line":36,"column":37}},"20":{"start":{"line":38,"column":4},"end":{"line":44,"column":5}},"21":{"start":{"line":39,"column":6},"end":{"line":39,"column":18}},"22":{"start":{"line":41,"column":6},"end":{"line":41,"column":60}},"23":{"start":{"line":42,"column":25},"end":{"line":42,"column":60}},"24":{"start":{"line":43,"column":6},"end":{"line":43,"column":47}},"25":{"start":{"line":46,"column":4},"end":{"line":46,"column":46}},"26":{"start":{"line":47,"column":4},"end":{"line":47,"column":77}},"27":{"start":{"line":51,"column":0},"end":{"line":54,"column":2}}},"fnMap":{"0":{"name":"(anonymous_0)","decl":{"start":{"line":7,"column":21},"end":{"line":7,"column":22}},"loc":{"start":{"line":7,"column":39},"end":{"line":27,"column":1}},"line":7},"1":{"name":"(anonymous_1)","decl":{"start":{"line":29,"column":19},"end":{"line":29,"column":20}},"loc":{"start":{"line":29,"column":37},"end":{"line":49,"column":1}},"line":29}},"branchMap":{"0":{"loc":{"start":{"line":16,"column":4},"end":{"line":22,"column":5}},"type":"if","locations":[{"start":{"line":16,"column":4},"end":{"line":22,"column":5}},{"start":{"line":16,"column":4},"end":{"line":22,"column":5}}],"line":16},"1":{"loc":{"start":{"line":38,"column":4},"end":{"line":44,"column":5}},"type":"if","locations":[{"start":{"line":38,"column":4},"end":{"line":44,"column":5}},{"start":{"line":38,"column":4},"end":{"line":44,"column":5}}],"line":38}},"s":{"0":2,"1":2,"2":2,"3":2,"4":2,"5":2,"6":1,"7":1,"8":1,"9":1,"10":0,"11":1,"12":1,"13":1,"14":0,"15":0,"16":2,"17":1,"18":1,"19":1,"20":1,"21":0,"22":1,"23":1,"24":1,"25":0,"26":0,"27":2},"f":{"0":1,"1":1},"b":{"0":[0,1],"1":[0,1]},"_coverageSchema":"1a1c01bbd47fc00a2c39e90264f33305004495a9","hash":"46bb33a018b5610a506c717ed658b0d4f3703ac9"}
,"/home/gerardo/PC ACCESO/Edgar/AWS/Indra/aws-serverless-reto-indra/src/externals/models/starshipsModel.js": {"path":"/home/gerardo/PC ACCESO/Edgar/AWS/Indra/aws-serverless-reto-indra/src/externals/models/starshipsModel.js","statementMap":{"0":{"start":{"line":3,"column":0},"end":{"line":24,"column":2}},"1":{"start":{"line":5,"column":4},"end":{"line":5,"column":25}},"2":{"start":{"line":6,"column":4},"end":{"line":6,"column":26}},"3":{"start":{"line":7,"column":4},"end":{"line":7,"column":37}},"4":{"start":{"line":8,"column":4},"end":{"line":8,"column":47}},"5":{"start":{"line":9,"column":4},"end":{"line":9,"column":26}},"6":{"start":{"line":10,"column":4},"end":{"line":10,"column":60}},"7":{"start":{"line":11,"column":4},"end":{"line":11,"column":30}},"8":{"start":{"line":12,"column":4},"end":{"line":12,"column":34}},"9":{"start":{"line":13,"column":4},"end":{"line":13,"column":44}},"10":{"start":{"line":14,"column":4},"end":{"line":14,"column":37}},"11":{"start":{"line":15,"column":4},"end":{"line":15,"column":59}},"12":{"start":{"line":16,"column":4},"end":{"line":16,"column":40}},"13":{"start":{"line":17,"column":4},"end":{"line":17,"column":50}},"14":{"start":{"line":18,"column":4},"end":{"line":18,"column":28}},"15":{"start":{"line":19,"column":4},"end":{"line":19,"column":29}},"16":{"start":{"line":20,"column":4},"end":{"line":20,"column":28}},"17":{"start":{"line":21,"column":4},"end":{"line":21,"column":28}},"18":{"start":{"line":22,"column":4},"end":{"line":22,"column":21}}},"fnMap":{"0":{"name":"(anonymous_0)","decl":{"start":{"line":4,"column":2},"end":{"line":4,"column":3}},"loc":{"start":{"line":4,"column":17},"end":{"line":23,"column":3}},"line":4}},"branchMap":{},"s":{"0":2,"1":1,"2":1,"3":1,"4":1,"5":1,"6":1,"7":1,"8":1,"9":1,"10":1,"11":1,"12":1,"13":1,"14":1,"15":1,"16":1,"17":1,"18":1},"f":{"0":1},"b":{},"_coverageSchema":"1a1c01bbd47fc00a2c39e90264f33305004495a9","hash":"388d9040fd7b913ed7b85dcc1f097eaa45da7941"}
,"/home/gerardo/PC ACCESO/Edgar/AWS/Indra/aws-serverless-reto-indra/src/externals/models/vehiclesModel.js": {"path":"/home/gerardo/PC ACCESO/Edgar/AWS/Indra/aws-serverless-reto-indra/src/externals/models/vehiclesModel.js","statementMap":{"0":{"start":{"line":3,"column":0},"end":{"line":22,"column":2}},"1":{"start":{"line":5,"column":4},"end":{"line":5,"column":25}},"2":{"start":{"line":6,"column":4},"end":{"line":6,"column":26}},"3":{"start":{"line":7,"column":4},"end":{"line":7,"column":37}},"4":{"start":{"line":8,"column":4},"end":{"line":8,"column":47}},"5":{"start":{"line":9,"column":4},"end":{"line":9,"column":26}},"6":{"start":{"line":10,"column":4},"end":{"line":10,"column":60}},"7":{"start":{"line":11,"column":4},"end":{"line":11,"column":30}},"8":{"start":{"line":12,"column":4},"end":{"line":12,"column":34}},"9":{"start":{"line":13,"column":4},"end":{"line":13,"column":44}},"10":{"start":{"line":14,"column":4},"end":{"line":14,"column":37}},"11":{"start":{"line":15,"column":4},"end":{"line":15,"column":42}},"12":{"start":{"line":16,"column":4},"end":{"line":16,"column":28}},"13":{"start":{"line":17,"column":4},"end":{"line":17,"column":29}},"14":{"start":{"line":18,"column":4},"end":{"line":18,"column":28}},"15":{"start":{"line":19,"column":4},"end":{"line":19,"column":28}},"16":{"start":{"line":20,"column":4},"end":{"line":20,"column":21}}},"fnMap":{"0":{"name":"(anonymous_0)","decl":{"start":{"line":4,"column":2},"end":{"line":4,"column":3}},"loc":{"start":{"line":4,"column":17},"end":{"line":21,"column":3}},"line":4}},"branchMap":{},"s":{"0":2,"1":1,"2":1,"3":1,"4":1,"5":1,"6":1,"7":1,"8":1,"9":1,"10":1,"11":1,"12":1,"13":1,"14":1,"15":1,"16":1},"f":{"0":1},"b":{},"_coverageSchema":"1a1c01bbd47fc00a2c39e90264f33305004495a9","hash":"ae01bb339e1c29ef26a7c2ca2f73e6d065560316"}
}
