TN:
SF:config/responses/apiResponses.js
FN:2,(anonymous_0)
FN:9,(anonymous_1)
FN:13,(anonymous_2)
FN:17,(anonymous_3)
FN:21,(anonymous_4)
FN:25,(anonymous_5)
FNF:6
FNH:4
FNDA:12,(anonymous_0)
FNDA:2,(anonymous_1)
FNDA:2,(anonymous_2)
FNDA:0,(anonymous_3)
FNDA:0,(anonymous_4)
FNDA:8,(anonymous_5)
DA:1,2
DA:3,12
DA:10,2
DA:14,2
DA:18,0
DA:22,0
DA:26,8
DA:30,2
LF:8
LH:6
BRDA:2,0,0,0
BRDA:2,1,0,0
BRDA:9,2,0,0
BRDA:13,3,0,0
BRDA:17,4,0,0
BRDA:21,5,0,0
BRDA:25,6,0,0
BRF:7
BRH:0
end_of_record
TN:
SF:src/handler.js
FN:12,sortBtId
FN:24,(anonymous_1)
FN:54,(anonymous_2)
FN:64,(anonymous_3)
FN:75,(anonymous_4)
FN:92,(anonymous_5)
FN:109,(anonymous_6)
FN:139,(anonymous_7)
FN:149,(anonymous_8)
FN:160,(anonymous_9)
FN:175,(anonymous_10)
FNF:11
FNH:10
FNDA:0,sortBtId
FNDA:1,(anonymous_1)
FNDA:1,(anonymous_2)
FNDA:1,(anonymous_3)
FNDA:1,(anonymous_4)
FNDA:1,(anonymous_5)
FNDA:1,(anonymous_6)
FNDA:1,(anonymous_7)
FNDA:1,(anonymous_8)
FNDA:1,(anonymous_9)
FNDA:1,(anonymous_10)
DA:2,2
DA:3,2
DA:4,2
DA:5,2
DA:8,2
DA:9,2
DA:13,0
DA:14,0
DA:24,2
DA:25,1
DA:26,1
DA:27,1
DA:28,1
DA:29,1
DA:30,1
DA:31,1
DA:32,1
DA:33,1
DA:34,0
DA:36,1
DA:41,1
DA:42,1
DA:45,0
DA:48,0
DA:49,0
DA:54,2
DA:55,1
DA:56,1
DA:57,0
DA:59,1
DA:64,2
DA:65,1
DA:66,1
DA:67,0
DA:68,0
DA:70,1
DA:75,2
DA:76,1
DA:77,1
DA:78,1
DA:79,0
DA:80,0
DA:82,0
DA:84,0
DA:85,0
DA:87,1
DA:92,2
DA:93,1
DA:94,1
DA:95,1
DA:96,0
DA:98,1
DA:109,2
DA:110,1
DA:111,1
DA:112,1
DA:113,1
DA:114,1
DA:115,1
DA:116,1
DA:117,1
DA:118,1
DA:119,0
DA:121,1
DA:126,1
DA:127,1
DA:130,0
DA:133,0
DA:134,0
DA:139,2
DA:140,1
DA:141,1
DA:142,0
DA:144,1
DA:149,2
DA:150,1
DA:151,1
DA:152,0
DA:153,0
DA:155,1
DA:160,2
DA:161,1
DA:162,1
DA:163,1
DA:164,0
DA:165,0
DA:167,0
DA:168,0
DA:170,1
DA:175,2
DA:176,1
DA:177,1
DA:178,1
DA:179,0
DA:181,1
LF:95
LH:68
BRDA:8,0,0,2
BRDA:8,0,1,2
BRDA:9,1,0,2
BRDA:9,1,1,2
BRDA:13,2,0,0
BRDA:13,2,1,0
BRDA:29,3,0,1
BRDA:29,3,1,0
BRDA:29,4,0,1
BRDA:29,4,1,1
BRDA:33,5,0,0
BRDA:33,5,1,1
BRDA:114,6,0,1
BRDA:114,6,1,0
BRDA:114,7,0,1
BRDA:114,7,1,1
BRDA:118,8,0,0
BRDA:118,8,1,1
BRF:18
BRH:12
end_of_record
TN:
SF:src/externals/consumer/index.js
FN:7,(anonymous_0)
FN:29,(anonymous_1)
FNF:2
FNH:2
FNDA:1,(anonymous_0)
FNDA:1,(anonymous_1)
DA:1,2
DA:2,2
DA:3,2
DA:4,2
DA:5,2
DA:7,2
DA:8,1
DA:9,1
DA:14,1
DA:16,1
DA:17,0
DA:19,1
DA:20,1
DA:21,1
DA:24,0
DA:25,0
DA:29,2
DA:30,1
DA:31,1
DA:36,1
DA:38,1
DA:39,0
DA:41,1
DA:42,1
DA:43,1
DA:46,0
DA:47,0
DA:51,2
LF:28
LH:22
BRDA:16,0,0,0
BRDA:16,0,1,1
BRDA:38,1,0,0
BRDA:38,1,1,1
BRF:4
BRH:2
end_of_record
TN:
SF:src/externals/models/starshipsModel.js
FN:4,(anonymous_0)
FNF:1
FNH:1
FNDA:1,(anonymous_0)
DA:3,2
DA:5,1
DA:6,1
DA:7,1
DA:8,1
DA:9,1
DA:10,1
DA:11,1
DA:12,1
DA:13,1
DA:14,1
DA:15,1
DA:16,1
DA:17,1
DA:18,1
DA:19,1
DA:20,1
DA:21,1
DA:22,1
LF:19
LH:19
BRF:0
BRH:0
end_of_record
TN:
SF:src/externals/models/vehiclesModel.js
FN:4,(anonymous_0)
FNF:1
FNH:1
FNDA:1,(anonymous_0)
DA:3,2
DA:5,1
DA:6,1
DA:7,1
DA:8,1
DA:9,1
DA:10,1
DA:11,1
DA:12,1
DA:13,1
DA:14,1
DA:15,1
DA:16,1
DA:17,1
DA:18,1
DA:19,1
DA:20,1
LF:17
LH:17
BRF:0
BRH:0
end_of_record
